Change Component Designator: OldDesignator=C47 NewDesignator=C52
Change Component Designator: OldDesignator=C48 NewDesignator=C53
Change Component Designator: OldDesignator=C49 NewDesignator=C54
Change Component Designator: OldDesignator=C50 NewDesignator=C55
Added Component: Designator=C47(SMD_0805)
Add component. Clean all parameters for all variants
Add component (AddParameter): Name = "Value"; Value = "0,1мкФ"; VariantName = "[No Variations]"
Add component (AddParameter): Name = "Назначение"; Value = "SMD-конденсатор"; VariantName = "[No Variations]"
Add component (AddParameter): Name = "Наименование"; Value = "Конденсатор"; VariantName = "[No Variations]"
Add component (AddParameter): Name = "Потребление, Вт"; Value = "0"; VariantName = "[No Variations]"
Added Component: Designator=C48(SMD_0805)
Add component. Clean all parameters for all variants
Add component (AddParameter): Name = "Value"; Value = "0,1мкФ"; VariantName = "[No Variations]"
Add component (AddParameter): Name = "Назначение"; Value = "SMD-конденсатор"; VariantName = "[No Variations]"
Add component (AddParameter): Name = "Наименование"; Value = "Конденсатор"; VariantName = "[No Variations]"
Add component (AddParameter): Name = "Потребление, Вт"; Value = "0"; VariantName = "[No Variations]"
Added Component: Designator=C49(SMD_0805)
Add component. Clean all parameters for all variants
Add component (AddParameter): Name = "Value"; Value = "0,1мкФ"; VariantName = "[No Variations]"
Add component (AddParameter): Name = "Назначение"; Value = "SMD-конденсатор"; VariantName = "[No Variations]"
Add component (AddParameter): Name = "Наименование"; Value = "Конденсатор"; VariantName = "[No Variations]"
Add component (AddParameter): Name = "Потребление, Вт"; Value = "0"; VariantName = "[No Variations]"
Added Component: Designator=C50(SMD_0805)
Add component. Clean all parameters for all variants
Add component (AddParameter): Name = "Value"; Value = "0,1мкФ"; VariantName = "[No Variations]"
Add component (AddParameter): Name = "Назначение"; Value = "SMD-конденсатор"; VariantName = "[No Variations]"
Add component (AddParameter): Name = "Наименование"; Value = "Конденсатор"; VariantName = "[No Variations]"
Add component (AddParameter): Name = "Потребление, Вт"; Value = "0"; VariantName = "[No Variations]"
Added Component: Designator=C51(SMD_0805)
Add component. Clean all parameters for all variants
Add component (AddParameter): Name = "Value"; Value = "0,1мкФ"; VariantName = "[No Variations]"
Add component (AddParameter): Name = "Назначение"; Value = "SMD-конденсатор"; VariantName = "[No Variations]"
Add component (AddParameter): Name = "Наименование"; Value = "Конденсатор"; VariantName = "[No Variations]"
Add component (AddParameter): Name = "Потребление, Вт"; Value = "0"; VariantName = "[No Variations]"
Added Pin To Net: NetName=GND Pin=C47-1
Added Pin To Net: NetName=3.3V Pin=C47-2
Added Pin To Net: NetName=GND Pin=C48-1
Added Pin To Net: NetName=3.3V Pin=C48-2
Added Pin To Net: NetName=GND Pin=C49-1
Added Pin To Net: NetName=3.3V Pin=C49-2
Added Pin To Net: NetName=GND Pin=C50-1
Added Pin To Net: NetName=3.3V Pin=C50-2
Added Pin To Net: NetName=GND Pin=C51-1
Added Pin To Net: NetName=3.3V Pin=C51-2
Added Member To Class: ClassName=MKO_Part Member=Component C51 0,1мкФ
Added Member To Class: ClassName=MKO_Part Member=Component C52 0,1мкФ
Added Member To Class: ClassName=MKO_Part Member=Component C53 10мкФ
Added Member To Class: ClassName=MKO_Part Member=Component C54 0,1мкФ
Added Member To Class: ClassName=MKO_Part Member=Component C55 10мкФ
Added Member To Class: ClassName=MKO_Part Member=Component R110 1к
